[?25l[?1049h[2J[H[?25l[?2004h[H                                                                                                         
                      ....                    │                                                          
                      x. o                    │                                                          
                      ;...                    │                                                          
                      .doc   ...              │                                                          
                      xxol  ,.  .             │                                                          
                      xxol  :l;,              │                                                          
                o  ;  xxol  :lc:.             │                                                          
                ,.'c  xxol  :lc:.             │    Bayanati Municipality Portal                          
                oocc  xxol  :lc:.      .      │                                                          
                oocc  ihsen :lc:.      ;;.    │    > Email:  <                                           
          '.    .           :lc:.     ,;;;.   │      Password:                                           
          .;;;;;;;;;;;,''..   .:.    .;;,;;   │                                                          
           ';;;ayoub;;;;;;;;;..      ,;;.;;   │    [Tab/Up/Down] Navigate  [Enter] Login  [Ctrl+C] Exit  
            ,;;;;;,;;;;;;;;;;;;;.    ,;;.;;   │                                                          
             ,;;;;;,'. ;;;;;;;;;;;.   ;..;    │                                                          
              .;;;;;;;'...    ;;;;;,  . '     │                                                          
                ';;;;;;;;;;'....              │                                                          
                   ;;;;;;;;;;;;;;,,.          │                                                          
                      .;;;;;;;;;.             │                                                          
                                                                                                         [21;H[H









                oocc  ihsen :lc:.      ;;.    │    > Email: t <                                          









[21;H[H









                oocc  ihsen :lc:.      ;;.    │    > Email: tu <                                         









[21;H[H









                oocc  ihsen :lc:.      ;;.    │    > Email: tun <                                        









[21;H[H









                oocc  ihsen :lc:.      ;;.    │    > Email: tuni <                                       









[21;H[H









                oocc  ihsen :lc:.      ;;.    │    > Email: tunis <                                      









[21;H[H









                oocc  ihsen :lc:.      ;;.    │    > Email: tunis@ <                                     









[21;H[H









                oocc  ihsen :lc:.      ;;.    │    > Email: tunis@m <                                    









[21;H[H









                oocc  ihsen :lc:.      ;;.    │    > Email: tunis@mu <                                   









[21;H[H









                oocc  ihsen :lc:.      ;;.    │    > Email: tunis@mun <                                  









[21;H[H









                oocc  ihsen :lc:.      ;;.    │    > Email: tunis@muni <                                 









[21;H[H









                oocc  ihsen :lc:.      ;;.    │    > Email: tunis@munic <                                









[21;H[H









                oocc  ihsen :lc:.      ;;.    │    > Email: tunis@munici <                               









[21;H[H









                oocc  ihsen :lc:.      ;;.    │    > Email: tunis@municip <                              









[21;H[H









                oocc  ihsen :lc:.      ;;.    │    > Email: tunis@municipa <                             









[21;H[H









                oocc  ihsen :lc:.      ;;.    │    > Email: tunis@municipal <                            









[21;H[H









                oocc  ihsen :lc:.      ;;.    │    > Email: tunis@municipali <                           









[21;H[H









                oocc  ihsen :lc:.      ;;.    │    > Email: tunis@municipalit <                          









[21;H[H









                oocc  ihsen :lc:.      ;;.    │    > Email: tunis@municipality <                         









[21;H[H









                oocc  ihsen :lc:.      ;;.    │    > Email: tunis@municipality. <                        









[21;H[H









                oocc  ihsen :lc:.      ;;.    │    > Email: tunis@municipality.t <                       









[21;H[H









                oocc  ihsen :lc:.      ;;.    │    > Email: tunis@municipality.tn <                      









[21;H[H









                oocc  ihsen :lc:.      ;;.    │      Email: tunis@municipality.tn                        
          '.    .           :lc:.     ,;;;.   │    > Password:  <                                        








[21;H[H










          '.    .           :lc:.     ,;;;.   │    > Password: * <                                       








[21;H[H










          '.    .           :lc:.     ,;;;.   │    > Password: ** <                                      








[21;H[H










          '.    .           :lc:.     ,;;;.   │    > Password: *** <                                     








[21;H[H










          '.    .           :lc:.     ,;;;.   │    > Password: **** <                                    








[21;H[H










          '.    .           :lc:.     ,;;;.   │    > Password: ***** <                                   








[21;H[H










          '.    .           :lc:.     ,;;;.   │    > Password: ****** <                                  








[21;H[H










          '.    .           :lc:.     ,;;;.   │    > Password: ******* <                                 








[21;H[H










          '.    .           :lc:.     ,;;;.   │    > Password: ******** <                                








[21;H[H










          '.    .           :lc:.     ,;;;.   │    > Password: ********* <                               








[21;H[H














             ,;;;;;,'. ;;;;;;;;;;;.   ;..;    │    Logging in...                                         




[21;H[HBayanati - Tunis verify dashboard                             [Ctrl+C] Exit                        
                                                                                                   
                                                                                                   
╭────────────────────────────────────────╮  ╭────────────────────────────────────────╮             
│                                        │  │                                        │             
│ [R] REPORTS (PDF Batches)              │  │ [G] GEOTAGS (Individual Reports)       │             
│                                        │  │                                        │             
│ No reports found                       │  │ Select a report batch to view its      │             
│                                        │  │ geotags                                │             
╰────────────────────────────────────────╯  │                                        │             
                                            ╰────────────────────────────────────────╯             
                                                                                                   
                                                                                                   
╭────────────────────────────────────────────────────────────────────────╮                         
│                                                                        │                         
│ Select a report from the left panels to view details                   │                         
│                                                                        │                         
│                                                                        │                         
│                                                                        │                         
╰────────────────────────────────────────────────────────────────────────╯                         
                                                                                                   
                                                                                                   
[Tab] Switch Panels  [Up/Down] Navigate  [V] Verify Report  [P] View PDF  [O] Open Map (on Geotags)[23;H[H




│ [R] REPORTS (PDF Batches)              │  │ [G] GEOTAGS (Individual                │             
│                                        │  │ Reports)Report[1][50uxq3184k5qzue]     │             
│ > Batch[1]-[2026-05-24]-[50uxq318]     │  │                                        │             
│   Batch[2]-[2026-05-24]-[fxppwz71]     │  │ No geotags linked to this report batch │             
│   Batch[3]-[2026-05-24]-[grd55tcs]     │  │                                        │             
│   Batch[4]-[2026-05-24]-[8640gkg3]     │  ╰────────────────────────────────────────╯             
│   Batch[5]-[2026-05-24]-[ux8rpb8s]     │                                                         
│   Batch[6]-[2026-05-24]-[3o4vhdca]     │                                                         
│                                        │                                                         
╰────────────────────────────────────────╯                                                         
                                                                                                   
                                                                                                   
╭────────────────────────────────────────────────────────────────────────╮                         

│ Selected: Report Batch #1                                              │                         
│                                                                        │                         
│ Created: 2026-05-24                                                    │                         
│ Verified: [X] NO                                                       │                         
│ Emailed: false                                                         │                         
│                                                                        │                         
│ PDF: [✔] 48902714_2d3b_4506_9e83_fe14c70ba387_80h2v3p9tz.pdf           │                         
│                                                                        │                         
│                                                                        │                         
│    [V] Verify/Unverify      [P] View PDF                               │                         
│                                                                        │                         
│ ────────────────────────────────────────────────────────────────────   │                         
│                                                                        │                         
│   Loaded 6 reports                                                     │                         
│                                                                        │                         
│                                                                        │                         
╰────────────────────────────────────────────────────────────────────────╯                         
                                                                                                   
                                                                                                   
[Tab] Switch Panels  [Up/Down] Navigate  [V] Verify Report  [P] View PDF  [O] Open Map (on Geotags)[39;H2026/05/24 21:59:54 Fetched 30 geotags from PocketBase
2026/05/24 21:59:54 Fetched 30 geotags from PocketBase
2026/05/24 21:59:54 === GEOTAG IDs IN DATABASE ===
2026/05/24 21:59:54   [0] ID: sd7dnlud7g1sp7i - Category: Infrastructure
2026/05/24 21:59:54   [1] ID: nrxokonxlulbc8f - Category: infrastructure
2026/05/24 21:59:54   [2] ID: e7w4ncwprbda4hk - Category: infrastructure
2026/05/24 21:59:54   [3] ID: 6npehhq6e7dvvyf - Category: infrastructure
2026/05/24 21:59:54   [4] ID: 4idrhewob21rzpi - Category: pollution
2026/05/24 21:59:54   [5] ID: snw4e81xis8vakh - Category: trash
2026/05/24 21:59:54   [6] ID: iz24jtwkgrm2ut4 - Category: pollution
2026/05/24 21:59:54   [7] ID: 556krqh04478xl9 - Category: pollution
2026/05/24 21:59:54   [8] ID: uqtidjvtx3se13w - Category: construction
2026/05/24 21:59:54   [9] ID: 4cxjkphrlojp3fi - Category: water
2026/05/24 21:59:54   [10] ID: c4z290td8h52prb - Category: trash
2026/05/24 21:59:54   [11] ID: b1owhwthjiv7ch1 - Category: trash
2026/05/24 21:59:54   [12] ID: z0qgowzkdkjl9yf - Category: infrastructure
2026/05/24 21:59:54   [13] ID: spj7326d3ajgf4i - Category: electricity
2026/05/24 21:59:54   [14] ID: ov19x1rfr2vdywu - Category: pollution
2026/05/24 21:59:54   [15] ID: bdjk1r4i97016bn - Category: trash
2026/05/24 21:59:54   [16] ID: 04831e44324plss - Category: trash
2026/05/24 21:59:54   [17] ID: q6rdjbru4394udq - Category: construction
2026/05/24 21:59:54   [18] ID: ggl4ol43l9yrkaw - Category: water
2026/05/24 21:59:54   [19] ID: 2uty1k33bhl63ld - Category: trash
2026/05/24 21:59:54   [20] ID: 0wnccxjklal7ls7 - Category: construction
2026/05/24 21:59:54   [21] ID: fssvrf8r8d92ixp - Category: water
2026/05/24 21:59:54   [22] ID: iyfhya5lg87b3p3 - Category: electricity
2026/05/24 21:59:54   [23] ID: 1p7kig27jy46vdt - Category: water
2026/05/24 21:59:54   [24] ID: ft70fq7xb9prdr2 - Category: trash
2026/05/24 21:59:54   [25] ID: v9o4vr2mh7u3g88 - Category: trash
2026/05/24 21:59:54   [26] ID: kfjbhdxqzrfyi09 - Category: trash
2026/05/24 21:59:54   [27] ID: mermfb94t3deccj - Category: trash
2026/05/24 21:59:54   [28] ID: sgj5e963kfgskeq - Category: infrastructure
2026/05/24 21:59:54   [29] ID: pkg5xq246v79ue5 - Category: pollution
2026/05/24 21:59:54 ✗ MISSING geotag: ps6019nyo74404d
2026/05/24 21:59:54 ✗ MISSING geotag: ierh6ivu4a7pm7h
2026/05/24 21:59:54 ✗ MISSING geotag: dmv3z7z5ny6mau7
2026/05/24 21:59:54 ✗ MISSING geotag: fwv9t6acru0zaql
2026/05/24 21:59:54 ✗ MISSING geotag: hqnjd04zntk4rzf
2026/05/24 21:59:54 === filterGeotagsForCurrentReport ===
2026/05/24 21:59:54 Current report ID: 50uxq3184k5qzue
2026/05/24 21:59:54 References in report: [9g1imzeznals7q9 ahet86pp9etl8vu]
2026/05/24 21:59:54 Total geotags available: 30
2026/05/24 21:59:54 Looking for reference ID: '9g1imzeznals7q9'
2026/05/24 21:59:54 Looking for reference ID: 'ahet86pp9etl8vu'
2026/05/24 21:59:54 Final filteredGeotags count: 0
2026/05/24 21:59:56 === filterGeotagsForCurrentReport ===
2026/05/24 21:59:56 Current report ID: fxppwz719a30hrz
2026/05/24 21:59:56 References in report: [6uh65s2v37t9lo6]
2026/05/24 21:59:56 Total geotags available: 30
2026/05/24 21:59:56 Looking for reference ID: '6uh65s2v37t9lo6'
2026/05/24 21:59:56 Final filteredGeotags count: 0
[H





│                                        │  │ Reports)Report[2][fxppwz719a30hrz]     │             
│   Batch[1]-[2026-05-24]-[50uxq318]     │  │                                        │             
│ > Batch[2]-[2026-05-24]-[fxppwz71]     │  │ No geotags linked to this report batch │             










│ Selected: Report Batch #2                                              │                         





│ PDF: [✔] 469e0255_3018_4b3a_aeec_0d1186139d5f_jmnf1mpogw.pdf           │                         












[39;H2026/05/24 21:59:56 === filterGeotagsForCurrentReport ===
2026/05/24 21:59:56 Current report ID: grd55tcs4mizpdj
2026/05/24 21:59:56 References in report: [ps6019nyo74404d ierh6ivu4a7pm7h dmv3z7z5ny6mau7 fwv9t6acru0zaql hqnjd04zntk4rzf]
2026/05/24 21:59:56 Total geotags available: 30
2026/05/24 21:59:56 Looking for reference ID: 'ps6019nyo74404d'
2026/05/24 21:59:56 Looking for reference ID: 'ierh6ivu4a7pm7h'
2026/05/24 21:59:56 Looking for reference ID: 'dmv3z7z5ny6mau7'
2026/05/24 21:59:56 Looking for reference ID: 'fwv9t6acru0zaql'
2026/05/24 21:59:56 Looking for reference ID: 'hqnjd04zntk4rzf'
2026/05/24 21:59:56 Final filteredGeotags count: 0
[H





│                                        │  │ Reports)Report[3][grd55tcs4mizpdj]     │             

│   Batch[2]-[2026-05-24]-[fxppwz71]     │  │ No geotags linked to this report batch │             
│ > Batch[3]-[2026-05-24]-[grd55tcs]     │  │                                        │             









│ Selected: Report Batch #3                                              │                         





│ PDF: [✔] 084b045d_c9e2_476c_8d6d_3b9788a97450_fcr2c4p3o6.pdf           │                         












[39;H2026/05/24 21:59:57 === filterGeotagsForCurrentReport ===
2026/05/24 21:59:57 Current report ID: 8640gkg3s3ns0q6
2026/05/24 21:59:57 References in report: [e42ih8nck02iypm ym1vhyq276uf4qv 47j3vad7lfw7cw1 om7dz941uu7wrlj]
2026/05/24 21:59:57 Total geotags available: 30
2026/05/24 21:59:57 Looking for reference ID: 'e42ih8nck02iypm'
2026/05/24 21:59:57 Looking for reference ID: 'ym1vhyq276uf4qv'
2026/05/24 21:59:57 Looking for reference ID: '47j3vad7lfw7cw1'
2026/05/24 21:59:57 Looking for reference ID: 'om7dz941uu7wrlj'
2026/05/24 21:59:57 Final filteredGeotags count: 0
[H





│                                        │  │ Reports)Report[4][8640gkg3s3ns0q6]     │             


│   Batch[3]-[2026-05-24]-[grd55tcs]     │  │                                        │             
│ > Batch[4]-[2026-05-24]-[8640gkg3]     │  ╰────────────────────────────────────────╯             








│ Selected: Report Batch #4                                              │                         





│ PDF: [✔] 28d97778_1f6a_48fd_8c5a_7e375ddca8b7_evncqrp50u.pdf           │                         












[39;H[2K[?2004l[?25h[?1002l[?1003l[?1006l[?1049l[?25h